2025-05-20 14:57:13,829 - __main__ - INFO - Starting import: game
2025-05-20 14:57:13,830 - app.data_import.import_service - INFO - Importing game 2023020141
2025-05-20 14:57:14,854 - app.data_import.import_service - INFO - Importing events for game 2023020141
2025-05-20 14:57:15,756 - __main__ - ERROR - Error during import: unsupported operand type(s) for /: 'NoneType' and 'int'
Traceback (most recent call last):
  File "/Users/codytownsend/puckpattern/backend/scripts/data_import.py", line 170, in main
    count = import_game(db, args.game_id)
  File "/Users/codytownsend/puckpattern/backend/scripts/data_import.py", line 76, in import_game
    game = service.import_game(str(game_id), fetch_events=True)
  File "/Users/codytownsend/puckpattern/backend/app/data_import/import_service.py", line 302, in import_game
    self.import_game_events(db_game)
  File "/Users/codytownsend/puckpattern/backend/app/data_import/import_service.py", line 330, in import_game_events
    event = self.event_processor.process_event(db_game, play)
  File "/Users/codytownsend/puckpattern/backend/app/data_import/event_processor.py", line 149, in process_event
    self._process_faceoff(game_event, play_data)
  File "/Users/codytownsend/puckpattern/backend/app/data_import/event_processor.py", line 354, in _process_faceoff
    self._update_player_faceoff_stats(event.game_id, losing_player_id, False)
  File "/Users/codytownsend/puckpattern/backend/app/data_import/event_processor.py", line 391, in _update_player_faceoff_stats
    stats.faceoff_pct = (stats.faceoffs_won / stats.faceoffs_taken) * 100
TypeError: unsupported operand type(s) for /: 'NoneType' and 'int'
